# JRE version: OpenJDK Runtime Environment (7.0_79-b14) (build 1.7.0_79-b14)
# Java VM: OpenJDK 64-Bit Server VM (24.79-b02 mixed mode linux-amd64 compressed oops)
Heap
 par new generation   total 39296K, used 18086K [0x00000000bb400000, 0x00000000bdea0000, 0x00000000cae00000)
  eden space 34944K,  39% used [0x00000000bb400000, 0x00000000bc169918, 0x00000000bd620000)
  from space 4352K, 100% used [0x00000000bda60000, 0x00000000bdea0000, 0x00000000bdea0000)
  to   space 4352K,   0% used [0x00000000bd620000, 0x00000000bd620000, 0x00000000bda60000)
 concurrent mark-sweep generation total 87424K, used 27144K [0x00000000cae00000, 0x00000000d0360000, 0x00000000ea200000)
 concurrent-mark-sweep perm gen total 38528K, used 38332K [0x00000000ea200000, 0x00000000ec7a0000, 0x0000000100000000)
GC Heap History (10 events):
Event: 150.246 GC heap before
{Heap before GC invocations=2 (full 0):
 par new generation   total 39296K, used 39296K [0x00000000bb400000, 0x00000000bdea0000, 0x00000000cae00000)
  eden space 34944K, 100% used [0x00000000bb400000, 0x00000000bd620000, 0x00000000bd620000)
  from space 4352K, 100% used [0x00000000bd620000, 0x00000000bda60000, 0x00000000bda60000)
  to   space 4352K,   0% used [0x00000000bda60000, 0x00000000bda60000, 0x00000000bdea0000)
 concurrent mark-sweep generation total 87424K, used 2729K [0x00000000cae00000, 0x00000000d0360000, 0x00000000ea200000)
 concurrent-mark-sweep perm gen total 21440K, used 21285K [0x00000000ea200000, 0x00000000eb6f0000, 0x0000000100000000)
Event: 150.269 GC heap after
Heap after GC invocations=3 (full 0):
 par new generation   total 39296K, used 4352K [0x00000000bb400000, 0x00000000bdea0000, 0x00000000cae00000)
  eden space 34944K,   0% used [0x00000000bb400000, 0x00000000bb400000, 0x00000000bd620000)
  from space 4352K, 100% used [0x00000000bda60000, 0x00000000bdea0000, 0x00000000bdea0000)
  to   space 4352K,   0% used [0x00000000bd620000, 0x00000000bd620000, 0x00000000bda60000)
 concurrent mark-sweep generation total 87424K, used 9020K [0x00000000cae00000, 0x00000000d0360000, 0x00000000ea200000)
 concurrent-mark-sweep perm gen total 21440K, used 21285K [0x00000000ea200000, 0x00000000eb6f0000, 0x0000000100000000)
}
Event: 167.344 GC heap before
{Heap before GC invocations=3 (full 0):
 par new generation   total 39296K, used 39296K [0x00000000bb400000, 0x00000000bdea0000, 0x00000000cae00000)
  eden space 34944K, 100% used [0x00000000bb400000, 0x00000000bd620000, 0x00000000bd620000)
  from space 4352K, 100% used [0x00000000bda60000, 0x00000000bdea0000, 0x00000000bdea0000)
  to   space 4352K,   0% used [0x00000000bd620000, 0x00000000bd620000, 0x00000000bda60000)
 concurrent mark-sweep generation total 87424K, used 9020K [0x00000000cae00000, 0x00000000d0360000, 0x00000000ea200000)
 concurrent-mark-sweep perm gen total 24320K, used 24178K [0x00000000ea200000, 0x00000000eb9c0000, 0x0000000100000000)
Event: 167.368 GC heap after
Heap after GC invocations=4 (full 0):
 par new generation   total 39296K, used 4352K [0x00000000bb400000, 0x00000000bdea0000, 0x00000000cae00000)
  eden space 34944K,   0% used [0x00000000bb400000, 0x00000000bb400000, 0x00000000bd620000)
  from space 4352K, 100% used [0x00000000bd620000, 0x00000000bda60000, 0x00000000bda60000)
  to   space 4352K,   0% used [0x00000000bda60000, 0x00000000bda60000, 0x00000000bdea0000)
 concurrent mark-sweep generation total 87424K, used 14498K [0x00000000cae00000, 0x00000000d0360000, 0x00000000ea200000)
 concurrent-mark-sweep perm gen total 24320K, used 24178K [0x00000000ea200000, 0x00000000eb9c0000, 0x0000000100000000)
}
Event: 181.762 GC heap before
{Heap before GC invocations=4 (full 0):
 par new generation   total 39296K, used 39296K [0x00000000bb400000, 0x00000000bdea0000, 0x00000000cae00000)
  eden space 34944K, 100% used [0x00000000bb400000, 0x00000000bd620000, 0x00000000bd620000)
  from space 4352K, 100% used [0x00000000bd620000, 0x00000000bda60000, 0x00000000bda60000)
  to   space 4352K,   0% used [0x00000000bda60000, 0x00000000bda60000, 0x00000000bdea0000)
 concurrent mark-sweep generation total 87424K, used 14498K [0x00000000cae00000, 0x00000000d0360000, 0x00000000ea200000)
 concurrent-mark-sweep perm gen total 25472K, used 25457K [0x00000000ea200000, 0x00000000ebae0000, 0x0000000100000000)
Event: 181.784 GC heap after
Heap after GC invocations=5 (full 0):
 par new generation   total 39296K, used 4351K [0x00000000bb400000, 0x00000000bdea0000, 0x00000000cae00000)
  eden space 34944K,   0% used [0x00000000bb400000, 0x00000000bb400000, 0x00000000bd620000)
  from space 4352K,  99% used [0x00000000bda60000, 0x00000000bde9fff8, 0x00000000bdea0000)
  to   space 4352K,   0% used [0x00000000bd620000, 0x00000000bd620000, 0x00000000bda60000)
 concurrent mark-sweep generation total 87424K, used 19150K [0x00000000cae00000, 0x00000000d0360000, 0x00000000ea200000)
 concurrent-mark-sweep perm gen total 25472K, used 25457K [0x00000000ea200000, 0x00000000ebae0000, 0x0000000100000000)
}
Event: 199.133 GC heap before
{Heap before GC invocations=5 (full 0):
 par new generation   total 39296K, used 39295K [0x00000000bb400000, 0x00000000bdea0000, 0x00000000cae00000)
  eden space 34944K, 100% used [0x00000000bb400000, 0x00000000bd620000, 0x00000000bd620000)
  from space 4352K,  99% used [0x00000000bda60000, 0x00000000bde9fff8, 0x00000000bdea0000)
  to   space 4352K,   0% used [0x00000000bd620000, 0x00000000bd620000, 0x00000000bda60000)
 concurrent mark-sweep generation total 87424K, used 19150K [0x00000000cae00000, 0x00000000d0360000, 0x00000000ea200000)
 concurrent-mark-sweep perm gen total 32000K, used 31961K [0x00000000ea200000, 0x00000000ec140000, 0x0000000100000000)
Event: 199.148 GC heap after
Heap after GC invocations=6 (full 0):
 par new generation   total 39296K, used 4352K [0x00000000bb400000, 0x00000000bdea0000, 0x00000000cae00000)
  eden space 34944K,   0% used [0x00000000bb400000, 0x00000000bb400000, 0x00000000bd620000)
  from space 4352K, 100% used [0x00000000bd620000, 0x00000000bda60000, 0x00000000bda60000)
  to   space 4352K,   0% used [0x00000000bda60000, 0x00000000bda60000, 0x00000000bdea0000)
 concurrent mark-sweep generation total 87424K, used 20723K [0x00000000cae00000, 0x00000000d0360000, 0x00000000ea200000)
 concurrent-mark-sweep perm gen total 32000K, used 31961K [0x00000000ea200000, 0x00000000ec140000, 0x0000000100000000)
}
Event: 212.984 GC heap before
{Heap before GC invocations=6 (full 0):
 par new generation   total 39296K, used 39296K [0x00000000bb400000, 0x00000000bdea0000, 0x00000000cae00000)
  eden space 34944K, 100% used [0x00000000bb400000, 0x00000000bd620000, 0x00000000bd620000)
  from space 4352K, 100% used [0x00000000bd620000, 0x00000000bda60000, 0x00000000bda60000)
  to   space 4352K,   0% used [0x00000000bda60000, 0x00000000bda60000, 0x00000000bdea0000)
 concurrent mark-sweep generation total 87424K, used 20723K [0x00000000cae00000, 0x00000000d0360000, 0x00000000ea200000)
 concurrent-mark-sweep perm gen total 36800K, used 36584K [0x00000000ea200000, 0x00000000ec5f0000, 0x0000000100000000)
Event: 213.012 GC heap after
Heap after GC invocations=7 (full 0):
 par new generation   total 39296K, used 4352K [0x00000000bb400000, 0x00000000bdea0000, 0x00000000cae00000)
  eden space 34944K,   0% used [0x00000000bb400000, 0x00000000bb400000, 0x00000000bd620000)
  from space 4352K, 100% used [0x00000000bda60000, 0x00000000bdea0000, 0x00000000bdea0000)
  to   space 4352K,   0% used [0x00000000bd620000, 0x00000000bd620000, 0x00000000bda60000)
 concurrent mark-sweep generation total 87424K, used 27144K [0x00000000cae00000, 0x00000000d0360000, 0x00000000ea200000)
 concurrent-mark-sweep perm gen total 36800K, used 36584K [0x00000000ea200000, 0x00000000ec5f0000, 0x0000000100000000)
}

